                      :-) GROMACS - gmx mdrun, 2020.4 (-:

                            GROMACS is written by:
     Emile Apol      Rossen Apostolov      Paul Bauer     Herman J.C. Berendsen
    Par Bjelkmar      Christian Blau   Viacheslav Bolnykh     Kevin Boyd    
 Aldert van Buuren   Rudi van Drunen     Anton Feenstra       Alan Gray     
  Gerrit Groenhof     Anca Hamuraru    Vincent Hindriksen  M. Eric Irrgang  
  Aleksei Iupinov   Christoph Junghans     Joe Jordan     Dimitrios Karkoulis
    Peter Kasson        Jiri Kraus      Carsten Kutzner      Per Larsson    
  Justin A. Lemkul    Viveca Lindahl    Magnus Lundborg     Erik Marklund   
    Pascal Merz     Pieter Meulenhoff    Teemu Murtola       Szilard Pall   
    Sander Pronk      Roland Schulz      Michael Shirts    Alexey Shvetsov  
   Alfons Sijbers     Peter Tieleman      Jon Vincent      Teemu Virolainen 
 Christian Wennberg    Maarten Wolf      Artem Zhmurov   
                           and the project leaders:
        Mark Abraham, Berk Hess, Erik Lindahl, and David van der Spoel

Copyright (c) 1991-2000, University of Groningen, The Netherlands.
Copyright (c) 2001-2019, The GROMACS development team at
Uppsala University, Stockholm University and
the Royal Institute of Technology, Sweden.
check out http://www.gromacs.org for more information.

GROMACS is free software; you can redistribute it and/or modify it
under the terms of the GNU Lesser General Public License
as published by the Free Software Foundation; either version 2.1
of the License, or (at your option) any later version.

GROMACS:      gmx mdrun, version 2020.4
Executable:   /share/apps/gromacs/2020.4/openmpi/intel/bin/gmx_mpi
Data prefix:  /share/apps/gromacs/2020.4/openmpi/intel
Working dir:  /scratch/work/courses/CHEM-GA-2671-2023fa/students/hz2750/comp-lab-class-2023/Week3
Process ID:   2653543
Command line:
  gmx_mpi mdrun -deffnm md_0_50

GROMACS version:    2020.4
Verified release checksum is 79c2857291b034542c26e90512b92fd4b184a1c9d6fa59c55f2e24ccf14e7281
Precision:          single
Memory model:       64 bit
MPI library:        MPI
OpenMP support:     disabled
GPU support:        disabled
SIMD instructions:  AVX_512
FFT library:        Intel MKL
RDTSCP usage:       enabled
TNG support:        enabled
Hwloc support:      disabled
Tracing support:    disabled
C compiler:         /share/apps/openmpi/4.0.5/intel/bin/mpicc Intel 19.1.2.20200623
C compiler flags:   -xCORE-AVX512 -qopt-zmm-usage=high -mkl=sequential -wd3180 -std=gnu99 -ip -funroll-all-loops -alias-const -ansi-alias -no-prec-div -fimf-domain-exclusion=14 -qoverride-limits -O3 -DNDEBUG
C++ compiler:       /share/apps/openmpi/4.0.5/intel/bin/mpicxx Intel 19.1.2.20200623
C++ compiler flags: -xCORE-AVX512 -qopt-zmm-usage=high -mkl=sequential -wd3180 -ip -funroll-all-loops -alias-const -ansi-alias -no-prec-div -fimf-domain-exclusion=14 -qoverride-limits -O3 -DNDEBUG


Running on 1 node with total 48 cores, 48 logical cores
Hardware detected on host cs378.hpc.nyu.edu (the node of MPI rank 0):
  CPU info:
    Vendor: Intel
    Brand:  Intel(R) Xeon(R) Platinum 8268 CPU @ 2.90GHz
    Family: 6   Model: 85   Stepping: 7
    Features: aes apic avx avx2 avx512f avx512cd avx512bw avx512vl clfsh cmov cx8 cx16 f16c fma htt intel lahf mmx msr nonstop_tsc pcid pclmuldq pdcm pdpe1gb popcnt pse rdrnd rdtscp sse2 sse3 sse4.1 sse4.2 ssse3 tdt x2apic
    Number of AVX-512 FMA units: 2
  Hardware topology: Only logical processor count


++++ PLEASE READ AND CITE THE FOLLOWING REFERENCE ++++
M. J. Abraham, T. Murtola, R. Schulz, S. Páll, J. C. Smith, B. Hess, E.
Lindahl
GROMACS: High performance molecular simulations through multi-level
parallelism from laptops to supercomputers
SoftwareX 1 (2015) pp. 19-25
-------- -------- --- Thank You --- -------- --------


++++ PLEASE READ AND CITE THE FOLLOWING REFERENCE ++++
S. Páll, M. J. Abraham, C. Kutzner, B. Hess, E. Lindahl
Tackling Exascale Software Challenges in Molecular Dynamics Simulations with
GROMACS
In S. Markidis & E. Laure (Eds.), Solving Software Challenges for Exascale 8759 (2015) pp. 3-27
-------- -------- --- Thank You --- -------- --------


++++ PLEASE READ AND CITE THE FOLLOWING REFERENCE ++++
S. Pronk, S. Páll, R. Schulz, P. Larsson, P. Bjelkmar, R. Apostolov, M. R.
Shirts, J. C. Smith, P. M. Kasson, D. van der Spoel, B. Hess, and E. Lindahl
GROMACS 4.5: a high-throughput and highly parallel open source molecular
simulation toolkit
Bioinformatics 29 (2013) pp. 845-54
-------- -------- --- Thank You --- -------- --------


++++ PLEASE READ AND CITE THE FOLLOWING REFERENCE ++++
B. Hess and C. Kutzner and D. van der Spoel and E. Lindahl
GROMACS 4: Algorithms for highly efficient, load-balanced, and scalable
molecular simulation
J. Chem. Theory Comput. 4 (2008) pp. 435-447
-------- -------- --- Thank You --- -------- --------


++++ PLEASE READ AND CITE THE FOLLOWING REFERENCE ++++
D. van der Spoel, E. Lindahl, B. Hess, G. Groenhof, A. E. Mark and H. J. C.
Berendsen
GROMACS: Fast, Flexible and Free
J. Comp. Chem. 26 (2005) pp. 1701-1719
-------- -------- --- Thank You --- -------- --------


++++ PLEASE READ AND CITE THE FOLLOWING REFERENCE ++++
E. Lindahl and B. Hess and D. van der Spoel
GROMACS 3.0: A package for molecular simulation and trajectory analysis
J. Mol. Mod. 7 (2001) pp. 306-317
-------- -------- --- Thank You --- -------- --------


++++ PLEASE READ AND CITE THE FOLLOWING REFERENCE ++++
H. J. C. Berendsen, D. van der Spoel and R. van Drunen
GROMACS: A message-passing parallel molecular dynamics implementation
Comp. Phys. Comm. 91 (1995) pp. 43-56
-------- -------- --- Thank You --- -------- --------


++++ PLEASE CITE THE DOI FOR THIS VERSION OF GROMACS ++++
https://doi.org/10.5281/zenodo.4054979
-------- -------- --- Thank You --- -------- --------

Input Parameters:
   integrator                     = md
   tinit                          = 0
   dt                             = 0.002
   nsteps                         = 500000
   init-step                      = 0
   simulation-part                = 1
   comm-mode                      = Linear
   nstcomm                        = 100
   bd-fric                        = 0
   ld-seed                        = 1576377955
   emtol                          = 10
   emstep                         = 0.01
   niter                          = 20
   fcstep                         = 0
   nstcgsteep                     = 1000
   nbfgscorr                      = 10
   rtpi                           = 0.05
   nstxout                        = 0
   nstvout                        = 0
   nstfout                        = 0
   nstlog                         = 5000
   nstcalcenergy                  = 100
   nstenergy                      = 5000
   nstxout-compressed             = 5000
   compressed-x-precision         = 1000
   cutoff-scheme                  = Verlet
   nstlist                        = 10
   pbc                            = xyz
   periodic-molecules             = false
   verlet-buffer-tolerance        = 0.005
   rlist                          = 1
   coulombtype                    = PME
   coulomb-modifier               = Potential-shift
   rcoulomb-switch                = 0
   rcoulomb                       = 1
   epsilon-r                      = 1
   epsilon-rf                     = inf
   vdw-type                       = Cut-off
   vdw-modifier                   = Potential-shift
   rvdw-switch                    = 0
   rvdw                           = 1
   DispCorr                       = EnerPres
   table-extension                = 1
   fourierspacing                 = 0.16
   fourier-nx                     = 44
   fourier-ny                     = 44
   fourier-nz                     = 44
   pme-order                      = 4
   ewald-rtol                     = 1e-05
   ewald-rtol-lj                  = 0.001
   lj-pme-comb-rule               = Geometric
   ewald-geometry                 = 0
   epsilon-surface                = 0
   tcoupl                         = V-rescale
   nsttcouple                     = 10
   nh-chain-length                = 0
   print-nose-hoover-chain-variables = false
   pcoupl                         = Parrinello-Rahman
   pcoupltype                     = Isotropic
   nstpcouple                     = 10
   tau-p                          = 2
   compressibility (3x3):
      compressibility[    0]={ 4.50000e-05,  0.00000e+00,  0.00000e+00}
      compressibility[    1]={ 0.00000e+00,  4.50000e-05,  0.00000e+00}
      compressibility[    2]={ 0.00000e+00,  0.00000e+00,  4.50000e-05}
   ref-p (3x3):
      ref-p[    0]={ 1.00000e+00,  0.00000e+00,  0.00000e+00}
      ref-p[    1]={ 0.00000e+00,  1.00000e+00,  0.00000e+00}
      ref-p[    2]={ 0.00000e+00,  0.00000e+00,  1.00000e+00}
   refcoord-scaling               = No
   posres-com (3):
      posres-com[0]= 0.00000e+00
      posres-com[1]= 0.00000e+00
      posres-com[2]= 0.00000e+00
   posres-comB (3):
      posres-comB[0]= 0.00000e+00
      posres-comB[1]= 0.00000e+00
      posres-comB[2]= 0.00000e+00
   QMMM                           = false
   QMconstraints                  = 0
   QMMMscheme                     = 0
   MMChargeScaleFactor            = 1
qm-opts:
   ngQM                           = 0
   constraint-algorithm           = Lincs
   continuation                   = true
   Shake-SOR                      = false
   shake-tol                      = 0.0001
   lincs-order                    = 4
   lincs-iter                     = 1
   lincs-warnangle                = 30
   nwall                          = 0
   wall-type                      = 9-3
   wall-r-linpot                  = -1
   wall-atomtype[0]               = -1
   wall-atomtype[1]               = -1
   wall-density[0]                = 0
   wall-density[1]                = 0
   wall-ewald-zfac                = 3
   pull                           = false
   awh                            = false
   rotation                       = false
   interactiveMD                  = false
   disre                          = No
   disre-weighting                = Conservative
   disre-mixed                    = false
   dr-fc                          = 1000
   dr-tau                         = 0
   nstdisreout                    = 100
   orire-fc                       = 0
   orire-tau                      = 0
   nstorireout                    = 100
   free-energy                    = no
   cos-acceleration               = 0
   deform (3x3):
      deform[    0]={ 0.00000e+00,  0.00000e+00,  0.00000e+00}
      deform[    1]={ 0.00000e+00,  0.00000e+00,  0.00000e+00}
      deform[    2]={ 0.00000e+00,  0.00000e+00,  0.00000e+00}
   simulated-tempering            = false
   swapcoords                     = no
   userint1                       = 0
   userint2                       = 0
   userint3                       = 0
   userint4                       = 0
   userreal1                      = 0
   userreal2                      = 0
   userreal3                      = 0
   userreal4                      = 0
   applied-forces:
     electric-field:
       x:
         E0                       = 0
         omega                    = 0
         t0                       = 0
         sigma                    = 0
       y:
         E0                       = 0
         omega                    = 0
         t0                       = 0
         sigma                    = 0
       z:
         E0                       = 0
         omega                    = 0
         t0                       = 0
         sigma                    = 0
     density-guided-simulation:
       active                     = false
       group                      = protein
       similarity-measure         = inner-product
       atom-spreading-weight      = unity
       force-constant             = 1e+09
       gaussian-transform-spreading-width = 0.2
       gaussian-transform-spreading-range-in-multiples-of-width = 4
       reference-density-filename = reference.mrc
       nst                        = 1
       normalize-densities        = true
       adaptive-force-scaling     = false
       adaptive-force-scaling-time-constant = 4
grpopts:
   nrdf:     4920.79     63837.2
   ref-t:         300         300
   tau-t:         0.1         0.1
annealing:          No          No
annealing-npoints:           0           0
   acc:	           0           0           0
   nfreeze:           N           N           N
   energygrp-flags[  0]: 0

Changing nstlist from 10 to 50, rlist from 1 to 1.111

Using 1 MPI process

Non-default thread affinity set, disabling internal thread affinity
System total charge: -0.000
Will do PME sum in reciprocal space for electrostatic interactions.

++++ PLEASE READ AND CITE THE FOLLOWING REFERENCE ++++
U. Essmann, L. Perera, M. L. Berkowitz, T. Darden, H. Lee and L. G. Pedersen 
A smooth particle mesh Ewald method
J. Chem. Phys. 103 (1995) pp. 8577-8592
-------- -------- --- Thank You --- -------- --------

Using a Gaussian width (1/beta) of 0.320163 nm for Ewald
Potential shift: LJ r^-12: -1.000e+00 r^-6: -1.000e+00, Ewald -1.000e-05
Initialized non-bonded Ewald tables, spacing: 9.33e-04 size: 1073

Generated table with 1055 data points for 1-4 COUL.
Tabscale = 500 points/nm
Generated table with 1055 data points for 1-4 LJ6.
Tabscale = 500 points/nm
Generated table with 1055 data points for 1-4 LJ12.
Tabscale = 500 points/nm

Using SIMD 4x8 nonbonded short-range kernels

Using a dual 4x8 pair-list setup updated with dynamic pruning:
  outer list: updated every 50 steps, buffer 0.111 nm, rlist 1.111 nm
  inner list: updated every 12 steps, buffer 0.001 nm, rlist 1.001 nm
At tolerance 0.005 kJ/mol/ps per atom, equivalent classical 1x1 list would be:
  outer list: updated every 50 steps, buffer 0.240 nm, rlist 1.240 nm
  inner list: updated every 12 steps, buffer 0.046 nm, rlist 1.046 nm

Using geometric Lennard-Jones combination rule

Long Range LJ corr.: <C6> 3.1923e-04


Initializing LINear Constraint Solver

++++ PLEASE READ AND CITE THE FOLLOWING REFERENCE ++++
B. Hess and H. Bekker and H. J. C. Berendsen and J. G. E. M. Fraaije
LINCS: A Linear Constraint Solver for molecular simulations
J. Comp. Chem. 18 (1997) pp. 1463-1472
-------- -------- --- Thank You --- -------- --------

The number of constraints is 959

++++ PLEASE READ AND CITE THE FOLLOWING REFERENCE ++++
S. Miyamoto and P. A. Kollman
SETTLE: An Analytical Version of the SHAKE and RATTLE Algorithms for Rigid
Water Models
J. Comp. Chem. 13 (1992) pp. 952-962
-------- -------- --- Thank You --- -------- --------


++++ PLEASE READ AND CITE THE FOLLOWING REFERENCE ++++
G. Bussi, D. Donadio and M. Parrinello
Canonical sampling through velocity rescaling
J. Chem. Phys. 126 (2007) pp. 014101
-------- -------- --- Thank You --- -------- --------

There are: 33876 Atoms
Center of mass motion removal mode is Linear
We have the following groups for center of mass motion removal:
  0:  rest

Started mdrun on rank 0 Tue Oct  3 12:01:47 2023

           Step           Time
              0        0.00000

   Energies (kJ/mol)
           Bond          Angle    Proper Dih. Ryckaert-Bell.          LJ-14
    1.53000e+03    3.55899e+03    2.60194e+02    1.93409e+03    2.59717e+03
     Coulomb-14        LJ (SR)  Disper. corr.   Coulomb (SR)   Coul. recip.
    7.57313e+03    7.31189e+04   -4.46001e+03   -5.59690e+05    2.98074e+03
      Potential    Kinetic En.   Total Energy  Conserved En.    Temperature
   -4.70596e+05    8.56808e+04   -3.84916e+05   -3.84895e+05    2.99748e+02
 Pres. DC (bar) Pressure (bar)   Constr. rmsd
   -2.15771e+02   -1.91068e+02    3.48184e-06

           Step           Time
           5000       10.00000

   Energies (kJ/mol)
           Bond          Angle    Proper Dih. Ryckaert-Bell.          LJ-14
    1.52259e+03    3.88179e+03    2.37681e+02    1.79273e+03    2.53817e+03
     Coulomb-14        LJ (SR)  Disper. corr.   Coulomb (SR)   Coul. recip.
    7.73100e+03    7.40783e+04   -4.44084e+03   -5.60433e+05    3.02182e+03
      Potential    Kinetic En.   Total Energy  Conserved En.    Temperature
   -4.70069e+05    8.57649e+04   -3.84304e+05   -3.84837e+05    3.00042e+02
 Pres. DC (bar) Pressure (bar)   Constr. rmsd
   -2.13923e+02   -1.77364e+02    2.94594e-06

           Step           Time
          10000       20.00000

   Energies (kJ/mol)
           Bond          Angle    Proper Dih. Ryckaert-Bell.          LJ-14
    1.47637e+03    3.81238e+03    2.34213e+02    1.81643e+03    2.64089e+03
     Coulomb-14        LJ (SR)  Disper. corr.   Coulomb (SR)   Coul. recip.
    7.71836e+03    7.31868e+04   -4.45853e+03   -5.60333e+05    3.09316e+03
      Potential    Kinetic En.   Total Energy  Conserved En.    Temperature
   -4.70813e+05    8.55656e+04   -3.85248e+05   -3.84796e+05    2.99345e+02
 Pres. DC (bar) Pressure (bar)   Constr. rmsd
   -2.15629e+02   -1.46615e+02    2.96026e-06

           Step           Time
          15000       30.00000

   Energies (kJ/mol)
           Bond          Angle    Proper Dih. Ryckaert-Bell.          LJ-14
    1.53950e+03    3.81261e+03    2.21500e+02    1.72893e+03    2.64208e+03
     Coulomb-14        LJ (SR)  Disper. corr.   Coulomb (SR)   Coul. recip.
    7.78275e+03    7.35436e+04   -4.45929e+03   -5.60702e+05    2.98605e+03
      Potential    Kinetic En.   Total Energy  Conserved En.    Temperature
   -4.70904e+05    8.54236e+04   -3.85480e+05   -3.84758e+05    2.98848e+02
 Pres. DC (bar) Pressure (bar)   Constr. rmsd
   -2.15702e+02   -4.50747e+01    3.10076e-06

           Step           Time
          20000       40.00000

   Energies (kJ/mol)
           Bond          Angle    Proper Dih. Ryckaert-Bell.          LJ-14
    1.51592e+03    3.78191e+03    2.38943e+02    1.79693e+03    2.64313e+03
     Coulomb-14        LJ (SR)  Disper. corr.   Coulomb (SR)   Coul. recip.
    7.69457e+03    7.30716e+04   -4.45083e+03   -5.60104e+05    3.01897e+03
      Potential    Kinetic En.   Total Energy  Conserved En.    Temperature
   -4.70793e+05    8.56852e+04   -3.85108e+05   -3.84719e+05    2.99763e+02
 Pres. DC (bar) Pressure (bar)   Constr. rmsd
   -2.14886e+02   -2.97445e+02    2.57353e-06

           Step           Time
          25000       50.00000

   Energies (kJ/mol)
           Bond          Angle    Proper Dih. Ryckaert-Bell.          LJ-14
    1.43293e+03    3.73210e+03    2.45253e+02    1.78215e+03    2.68313e+03
     Coulomb-14        LJ (SR)  Disper. corr.   Coulomb (SR)   Coul. recip.
    7.75452e+03    7.43315e+04   -4.46353e+03   -5.61081e+05    2.95662e+03
      Potential    Kinetic En.   Total Energy  Conserved En.    Temperature
   -4.70627e+05    8.55302e+04   -3.85096e+05   -3.84701e+05    2.99221e+02
 Pres. DC (bar) Pressure (bar)   Constr. rmsd
   -2.16112e+02    1.19443e+02    3.06264e-06

           Step           Time
          30000       60.00000

   Energies (kJ/mol)
           Bond          Angle    Proper Dih. Ryckaert-Bell.          LJ-14
    1.50603e+03    3.66584e+03    2.43011e+02    1.77663e+03    2.60317e+03
     Coulomb-14        LJ (SR)  Disper. corr.   Coulomb (SR)   Coul. recip.
    7.75950e+03    7.38354e+04   -4.45717e+03   -5.61126e+05    3.04064e+03
      Potential    Kinetic En.   Total Energy  Conserved En.    Temperature
   -4.71153e+05    8.59076e+04   -3.85246e+05   -3.84695e+05    3.00541e+02
 Pres. DC (bar) Pressure (bar)   Constr. rmsd
   -2.15497e+02   -1.29500e+02    2.80703e-06

           Step           Time
          35000       70.00000

   Energies (kJ/mol)
           Bond          Angle    Proper Dih. Ryckaert-Bell.          LJ-14
    1.48121e+03    3.87812e+03    2.59644e+02    1.80439e+03    2.55519e+03
     Coulomb-14        LJ (SR)  Disper. corr.   Coulomb (SR)   Coul. recip.
    7.73884e+03    7.28662e+04   -4.45539e+03   -5.60132e+05    3.06856e+03
      Potential    Kinetic En.   Total Energy  Conserved En.    Temperature
   -4.70936e+05    8.59916e+04   -3.84944e+05   -3.84648e+05    3.00835e+02
 Pres. DC (bar) Pressure (bar)   Constr. rmsd
   -2.15326e+02   -3.34196e+02    3.05004e-06

Writing checkpoint, step 37900 at Tue Oct  3 12:16:47 2023


           Step           Time
          40000       80.00000

   Energies (kJ/mol)
           Bond          Angle    Proper Dih. Ryckaert-Bell.          LJ-14
    1.47546e+03    3.99102e+03    2.17873e+02    1.74911e+03    2.73050e+03
     Coulomb-14        LJ (SR)  Disper. corr.   Coulomb (SR)   Coul. recip.
    7.83952e+03    7.26160e+04   -4.44708e+03   -5.58250e+05    3.04682e+03
      Potential    Kinetic En.   Total Energy  Conserved En.    Temperature
   -4.69031e+05    8.59687e+04   -3.83062e+05   -3.84587e+05    3.00755e+02
 Pres. DC (bar) Pressure (bar)   Constr. rmsd
   -2.14524e+02   -3.29504e+01    2.77345e-06

           Step           Time
          45000       90.00000

   Energies (kJ/mol)
           Bond          Angle    Proper Dih. Ryckaert-Bell.          LJ-14
    1.37517e+03    3.71269e+03    2.57695e+02    1.76143e+03    2.71918e+03
     Coulomb-14        LJ (SR)  Disper. corr.   Coulomb (SR)   Coul. recip.
    7.78622e+03    7.45052e+04   -4.48536e+03   -5.62239e+05    3.03670e+03
      Potential    Kinetic En.   Total Energy  Conserved En.    Temperature
   -4.71570e+05    8.63992e+04   -3.85171e+05   -3.84582e+05    3.02261e+02
 Pres. DC (bar) Pressure (bar)   Constr. rmsd
   -2.18229e+02    2.69251e+02    2.95134e-06

           Step           Time
          50000      100.00000

   Energies (kJ/mol)
           Bond          Angle    Proper Dih. Ryckaert-Bell.          LJ-14
    1.48720e+03    3.73654e+03    2.75033e+02    1.75225e+03    2.76258e+03
     Coulomb-14        LJ (SR)  Disper. corr.   Coulomb (SR)   Coul. recip.
    7.83405e+03    7.40333e+04   -4.46729e+03   -5.61972e+05    3.06729e+03
      Potential    Kinetic En.   Total Energy  Conserved En.    Temperature
   -4.71491e+05    8.59529e+04   -3.85538e+05   -3.84541e+05    3.00700e+02
 Pres. DC (bar) Pressure (bar)   Constr. rmsd
   -2.16475e+02   -9.27574e+00    3.08778e-06

           Step           Time
          55000      110.00000

   Energies (kJ/mol)
           Bond          Angle    Proper Dih. Ryckaert-Bell.          LJ-14
    1.65700e+03    3.88867e+03    2.37545e+02    1.73831e+03    2.59310e+03
     Coulomb-14        LJ (SR)  Disper. corr.   Coulomb (SR)   Coul. recip.
    7.75816e+03    7.38200e+04   -4.46566e+03   -5.61399e+05    2.95581e+03
      Potential    Kinetic En.   Total Energy  Conserved En.    Temperature
   -4.71216e+05    8.60305e+04   -3.85186e+05   -3.84498e+05    3.00971e+02
 Pres. DC (bar) Pressure (bar)   Constr. rmsd
   -2.16318e+02   -1.82864e+02    2.64574e-06

           Step           Time
          60000      120.00000

   Energies (kJ/mol)
           Bond          Angle    Proper Dih. Ryckaert-Bell.          LJ-14
    1.38104e+03    3.71171e+03    2.61320e+02    1.77842e+03    2.71111e+03
     Coulomb-14        LJ (SR)  Disper. corr.   Coulomb (SR)   Coul. recip.
    7.81326e+03    7.43041e+04   -4.45029e+03   -5.62247e+05    3.00671e+03
      Potential    Kinetic En.   Total Energy  Conserved En.    Temperature
   -4.71730e+05    8.57009e+04   -3.86029e+05   -3.84505e+05    2.99818e+02
 Pres. DC (bar) Pressure (bar)   Constr. rmsd
   -2.14833e+02    6.09106e+01    2.88665e-06

           Step           Time
          65000      130.00000

   Energies (kJ/mol)
           Bond          Angle    Proper Dih. Ryckaert-Bell.          LJ-14
    1.41629e+03    3.73463e+03    2.54689e+02    1.76628e+03    2.69053e+03
     Coulomb-14        LJ (SR)  Disper. corr.   Coulomb (SR)   Coul. recip.
    7.80671e+03    7.69919e+04   -4.47843e+03   -5.65922e+05    3.04263e+03
      Potential    Kinetic En.   Total Energy  Conserved En.    Temperature
   -4.72697e+05    8.55104e+04   -3.87187e+05   -3.84472e+05    2.99152e+02
 Pres. DC (bar) Pressure (bar)   Constr. rmsd
   -2.17556e+02    4.25064e+02    3.02230e-06

           Step           Time
          70000      140.00000

   Energies (kJ/mol)
           Bond          Angle    Proper Dih. Ryckaert-Bell.          LJ-14
    1.52925e+03    3.61839e+03    2.18071e+02    1.81577e+03    2.62143e+03
     Coulomb-14        LJ (SR)  Disper. corr.   Coulomb (SR)   Coul. recip.
    7.91005e+03    7.42606e+04   -4.47227e+03   -5.62249e+05    3.04290e+03
      Potential    Kinetic En.   Total Energy  Conserved En.    Temperature
   -4.71704e+05    8.56887e+04   -3.86016e+05   -3.84452e+05    2.99776e+02
 Pres. DC (bar) Pressure (bar)   Constr. rmsd
   -2.16958e+02   -7.65208e+00    3.13201e-06

Writing checkpoint, step 74150 at Tue Oct  3 12:31:48 2023


           Step           Time
          75000      150.00000

   Energies (kJ/mol)
           Bond          Angle    Proper Dih. Ryckaert-Bell.          LJ-14
    1.55559e+03    3.79372e+03    2.33790e+02    1.80867e+03    2.62810e+03
     Coulomb-14        LJ (SR)  Disper. corr.   Coulomb (SR)   Coul. recip.
    7.77794e+03    7.48426e+04   -4.47179e+03   -5.62653e+05    2.98600e+03
      Potential    Kinetic En.   Total Energy  Conserved En.    Temperature
   -4.71498e+05    8.66357e+04   -3.84863e+05   -3.84430e+05    3.03089e+02
 Pres. DC (bar) Pressure (bar)   Constr. rmsd
   -2.16912e+02    9.53058e+01    2.76273e-06

           Step           Time
          80000      160.00000

   Energies (kJ/mol)
           Bond          Angle    Proper Dih. Ryckaert-Bell.          LJ-14
    1.51713e+03    3.69858e+03    2.52934e+02    1.79086e+03    2.73135e+03
     Coulomb-14        LJ (SR)  Disper. corr.   Coulomb (SR)   Coul. recip.
    7.81218e+03    7.29534e+04   -4.48650e+03   -5.60357e+05    3.12762e+03
      Potential    Kinetic En.   Total Energy  Conserved En.    Temperature
   -4.70960e+05    8.61693e+04   -3.84791e+05   -3.84401e+05    3.01457e+02
 Pres. DC (bar) Pressure (bar)   Constr. rmsd
   -2.18340e+02   -4.84241e+00    2.87953e-06

           Step           Time
          85000      170.00000

   Energies (kJ/mol)
           Bond          Angle    Proper Dih. Ryckaert-Bell.          LJ-14
    1.51784e+03    3.84311e+03    2.53936e+02    1.79420e+03    2.74475e+03
     Coulomb-14        LJ (SR)  Disper. corr.   Coulomb (SR)   Coul. recip.
    7.86541e+03    7.46519e+04   -4.46854e+03   -5.62745e+05    3.01129e+03
      Potential    Kinetic En.   Total Energy  Conserved En.    Temperature
   -4.71531e+05    8.58165e+04   -3.85714e+05   -3.84355e+05    3.00223e+02
 Pres. DC (bar) Pressure (bar)   Constr. rmsd
   -2.16597e+02    1.38135e+02    3.41398e-06

           Step           Time
          90000      180.00000

   Energies (kJ/mol)
           Bond          Angle    Proper Dih. Ryckaert-Bell.          LJ-14
    1.44377e+03    3.68818e+03    2.75841e+02    1.71844e+03    2.71421e+03
     Coulomb-14        LJ (SR)  Disper. corr.   Coulomb (SR)   Coul. recip.
    7.84310e+03    7.39618e+04   -4.42147e+03   -5.60489e+05    3.10582e+03
      Potential    Kinetic En.   Total Energy  Conserved En.    Temperature
   -4.70159e+05    8.52622e+04   -3.84897e+05   -3.84310e+05    2.98283e+02
 Pres. DC (bar) Pressure (bar)   Constr. rmsd
   -2.12064e+02   -7.69337e+00    3.12048e-06

           Step           Time
          95000      190.00000

   Energies (kJ/mol)
           Bond          Angle    Proper Dih. Ryckaert-Bell.          LJ-14
    1.49030e+03    3.91092e+03    2.51948e+02    1.78771e+03    2.54490e+03
     Coulomb-14        LJ (SR)  Disper. corr.   Coulomb (SR)   Coul. recip.
    7.73075e+03    7.36833e+04   -4.47560e+03   -5.60701e+05    3.04817e+03
      Potential    Kinetic En.   Total Energy  Conserved En.    Temperature
   -4.70728e+05    8.56982e+04   -3.85030e+05   -3.84289e+05    2.99809e+02
 Pres. DC (bar) Pressure (bar)   Constr. rmsd
   -2.17281e+02   -8.09185e+01    2.81421e-06

           Step           Time
         100000      200.00000

   Energies (kJ/mol)
           Bond          Angle    Proper Dih. Ryckaert-Bell.          LJ-14
    1.42937e+03    3.77459e+03    2.93037e+02    1.79475e+03    2.63438e+03
     Coulomb-14        LJ (SR)  Disper. corr.   Coulomb (SR)   Coul. recip.
    7.77828e+03    7.39036e+04   -4.44773e+03   -5.60902e+05    3.04947e+03
      Potential    Kinetic En.   Total Energy  Conserved En.    Temperature
   -4.70692e+05    8.53147e+04   -3.85377e+05   -3.84248e+05    2.98467e+02
 Pres. DC (bar) Pressure (bar)   Constr. rmsd
   -2.14586e+02   -1.72158e+02    2.80309e-06

           Step           Time
         105000      210.00000

   Energies (kJ/mol)
           Bond          Angle    Proper Dih. Ryckaert-Bell.          LJ-14
    1.54262e+03    3.66836e+03    2.27996e+02    1.74982e+03    2.71490e+03
     Coulomb-14        LJ (SR)  Disper. corr.   Coulomb (SR)   Coul. recip.
    7.79104e+03    7.46721e+04   -4.46499e+03   -5.62806e+05    3.10862e+03
      Potential    Kinetic En.   Total Energy  Conserved En.    Temperature
   -4.71796e+05    8.54176e+04   -3.86378e+05   -3.84219e+05    2.98827e+02
 Pres. DC (bar) Pressure (bar)   Constr. rmsd
   -2.16253e+02    1.21905e+02    3.10314e-06

           Step           Time
         110000      220.00000

   Energies (kJ/mol)
           Bond          Angle    Proper Dih. Ryckaert-Bell.          LJ-14
    1.56727e+03    3.87173e+03    2.52201e+02    1.67648e+03    2.68990e+03
     Coulomb-14        LJ (SR)  Disper. corr.   Coulomb (SR)   Coul. recip.
    7.79895e+03    7.34790e+04   -4.44719e+03   -5.60563e+05    2.99578e+03
      Potential    Kinetic En.   Total Energy  Conserved En.    Temperature
   -4.70679e+05    8.58416e+04   -3.84837e+05   -3.84190e+05    3.00311e+02
 Pres. DC (bar) Pressure (bar)   Constr. rmsd
   -2.14534e+02   -1.26579e+02    2.67181e-06

Writing checkpoint, step 110300 at Tue Oct  3 12:46:47 2023


           Step           Time
         115000      230.00000

   Energies (kJ/mol)
           Bond          Angle    Proper Dih. Ryckaert-Bell.          LJ-14
    1.51051e+03    3.62512e+03    2.62143e+02    1.77321e+03    2.65461e+03
     Coulomb-14        LJ (SR)  Disper. corr.   Coulomb (SR)   Coul. recip.
    7.76394e+03    7.33916e+04   -4.43456e+03   -5.61244e+05    3.03172e+03
      Potential    Kinetic En.   Total Energy  Conserved En.    Temperature
   -4.71666e+05    8.63287e+04   -3.85337e+05   -3.84178e+05    3.02014e+02
 Pres. DC (bar) Pressure (bar)   Constr. rmsd
   -2.13319e+02   -3.48914e+02    3.21380e-06

           Step           Time
         120000      240.00000

   Energies (kJ/mol)
           Bond          Angle    Proper Dih. Ryckaert-Bell.          LJ-14
    1.51990e+03    3.87663e+03    2.46880e+02    1.77423e+03    2.61202e+03
     Coulomb-14        LJ (SR)  Disper. corr.   Coulomb (SR)   Coul. recip.
    7.81927e+03    7.40911e+04   -4.46755e+03   -5.61806e+05    2.95686e+03
      Potential    Kinetic En.   Total Energy  Conserved En.    Temperature
   -4.71377e+05    8.62219e+04   -3.85155e+05   -3.84138e+05    3.01641e+02
 Pres. DC (bar) Pressure (bar)   Constr. rmsd
   -2.16501e+02    8.84658e+01    3.06931e-06

           Step           Time
         125000      250.00000

   Energies (kJ/mol)
           Bond          Angle    Proper Dih. Ryckaert-Bell.          LJ-14
    1.42858e+03    3.97297e+03    2.36111e+02    1.76511e+03    2.61896e+03
     Coulomb-14        LJ (SR)  Disper. corr.   Coulomb (SR)   Coul. recip.
    7.74830e+03    7.47774e+04   -4.49122e+03   -5.62169e+05    3.00143e+03
      Potential    Kinetic En.   Total Energy  Conserved En.    Temperature
   -4.71111e+05    8.64025e+04   -3.84709e+05   -3.84115e+05    3.02273e+02
 Pres. DC (bar) Pressure (bar)   Constr. rmsd
   -2.18798e+02    1.56850e+02    2.95197e-06

           Step           Time
         130000      260.00000

   Energies (kJ/mol)
           Bond          Angle    Proper Dih. Ryckaert-Bell.          LJ-14
    1.49774e+03    3.74597e+03    2.82949e+02    1.80403e+03    2.72513e+03
     Coulomb-14        LJ (SR)  Disper. corr.   Coulomb (SR)   Coul. recip.
    7.80947e+03    7.38173e+04   -4.45956e+03   -5.61190e+05    3.06953e+03
      Potential    Kinetic En.   Total Energy  Conserved En.    Temperature
   -4.70897e+05    8.67093e+04   -3.84188e+05   -3.84077e+05    3.03346e+02
 Pres. DC (bar) Pressure (bar)   Constr. rmsd
   -2.15728e+02    2.58754e+01    2.97404e-06

           Step           Time
         135000      270.00000

   Energies (kJ/mol)
           Bond          Angle    Proper Dih. Ryckaert-Bell.          LJ-14
    1.55197e+03    3.88129e+03    2.46704e+02    1.80581e+03    2.57987e+03
     Coulomb-14        LJ (SR)  Disper. corr.   Coulomb (SR)   Coul. recip.
    7.74905e+03    7.23619e+04   -4.46408e+03   -5.59179e+05    2.96257e+03
      Potential    Kinetic En.   Total Energy  Conserved En.    Temperature
   -4.70504e+05    8.59168e+04   -3.84587e+05   -3.84040e+05    3.00573e+02
 Pres. DC (bar) Pressure (bar)   Constr. rmsd
   -2.16166e+02   -4.06967e+02    2.61426e-06

           Step           Time
         140000      280.00000

   Energies (kJ/mol)
           Bond          Angle    Proper Dih. Ryckaert-Bell.          LJ-14
    1.43550e+03    3.71329e+03    2.63463e+02    1.75086e+03    2.70632e+03
     Coulomb-14        LJ (SR)  Disper. corr.   Coulomb (SR)   Coul. recip.
    7.81296e+03    7.48539e+04   -4.48451e+03   -5.62828e+05    2.97880e+03
      Potential    Kinetic En.   Total Energy  Conserved En.    Temperature
   -4.71798e+05    8.56689e+04   -3.86129e+05   -3.84013e+05    2.99706e+02
 Pres. DC (bar) Pressure (bar)   Constr. rmsd
   -2.18146e+02    1.63868e+02    3.06422e-06

           Step           Time
         145000      290.00000

   Energies (kJ/mol)
           Bond          Angle    Proper Dih. Ryckaert-Bell.          LJ-14
    1.44364e+03    3.56275e+03    2.58038e+02    1.73675e+03    2.68612e+03
     Coulomb-14        LJ (SR)  Disper. corr.   Coulomb (SR)   Coul. recip.
    7.74556e+03    7.35515e+04   -4.46937e+03   -5.60615e+05    3.01832e+03
      Potential    Kinetic En.   Total Energy  Conserved En.    Temperature
   -4.71082e+05    8.53334e+04   -3.85749e+05   -3.83987e+05    2.98532e+02
 Pres. DC (bar) Pressure (bar)   Constr. rmsd
   -2.16677e+02   -1.05383e+02    3.11971e-06

Writing checkpoint, step 146500 at Tue Oct  3 13:01:47 2023


           Step           Time
         150000      300.00000

   Energies (kJ/mol)
           Bond          Angle    Proper Dih. Ryckaert-Bell.          LJ-14
    1.46418e+03    3.80778e+03    2.83177e+02    1.74731e+03    2.64655e+03
     Coulomb-14        LJ (SR)  Disper. corr.   Coulomb (SR)   Coul. recip.
    7.73313e+03    7.26121e+04   -4.45031e+03   -5.59887e+05    3.00524e+03
      Potential    Kinetic En.   Total Energy  Conserved En.    Temperature
   -4.71037e+05    8.61145e+04   -3.84923e+05   -3.83952e+05    3.01265e+02
 Pres. DC (bar) Pressure (bar)   Constr. rmsd
   -2.14835e+02   -2.70989e+02    3.05040e-06

           Step           Time
         155000      310.00000

   Energies (kJ/mol)
           Bond          Angle    Proper Dih. Ryckaert-Bell.          LJ-14
    1.50985e+03    3.84207e+03    2.18048e+02    1.80739e+03    2.71014e+03
     Coulomb-14        LJ (SR)  Disper. corr.   Coulomb (SR)   Coul. recip.
    7.82872e+03    7.39670e+04   -4.47692e+03   -5.61458e+05    3.02531e+03
      Potential    Kinetic En.   Total Energy  Conserved En.    Temperature
   -4.71026e+05    8.63786e+04   -3.84648e+05   -3.83918e+05    3.02189e+02
 Pres. DC (bar) Pressure (bar)   Constr. rmsd
   -2.17409e+02    7.21449e+01    2.80998e-06

           Step           Time
         160000      320.00000

   Energies (kJ/mol)
           Bond          Angle    Proper Dih. Ryckaert-Bell.          LJ-14
    1.47293e+03    3.71353e+03    2.45182e+02    1.92541e+03    2.59520e+03
     Coulomb-14        LJ (SR)  Disper. corr.   Coulomb (SR)   Coul. recip.
    7.80453e+03    7.47439e+04   -4.47944e+03   -5.62799e+05    3.10798e+03
      Potential    Kinetic En.   Total Energy  Conserved En.    Temperature
   -4.71670e+05    8.58099e+04   -3.85860e+05   -3.83870e+05    3.00199e+02
 Pres. DC (bar) Pressure (bar)   Constr. rmsd
   -2.17653e+02    9.28790e+01    3.05978e-06

           Step           Time
         165000      330.00000

   Energies (kJ/mol)
           Bond          Angle    Proper Dih. Ryckaert-Bell.          LJ-14
    1.52694e+03    3.75990e+03    2.46506e+02    1.80694e+03    2.62137e+03
     Coulomb-14        LJ (SR)  Disper. corr.   Coulomb (SR)   Coul. recip.
    7.80988e+03    7.59715e+04   -4.47501e+03   -5.63628e+05    3.08158e+03
      Potential    Kinetic En.   Total Energy  Conserved En.    Temperature
   -4.71278e+05    8.54905e+04   -3.85788e+05   -3.83840e+05    2.99082e+02
 Pres. DC (bar) Pressure (bar)   Constr. rmsd
   -2.17224e+02    3.07714e+02    2.91681e-06

           Step           Time
         170000      340.00000

   Energies (kJ/mol)
           Bond          Angle    Proper Dih. Ryckaert-Bell.          LJ-14
    1.40082e+03    3.76989e+03    2.39860e+02    1.78873e+03    2.66970e+03
     Coulomb-14        LJ (SR)  Disper. corr.   Coulomb (SR)   Coul. recip.
    7.83871e+03    7.46970e+04   -4.47294e+03   -5.62311e+05    3.13422e+03
      Potential    Kinetic En.   Total Energy  Conserved En.    Temperature
   -4.71245e+05    8.52139e+04   -3.86031e+05   -3.83816e+05    2.98114e+02
 Pres. DC (bar) Pressure (bar)   Constr. rmsd
   -2.17023e+02    7.95192e+01    2.88588e-06

           Step           Time
         175000      350.00000

   Energies (kJ/mol)
           Bond          Angle    Proper Dih. Ryckaert-Bell.          LJ-14
    1.50214e+03    3.63292e+03    2.57515e+02    1.76273e+03    2.61675e+03
     Coulomb-14        LJ (SR)  Disper. corr.   Coulomb (SR)   Coul. recip.
    7.65727e+03    7.41386e+04   -4.47799e+03   -5.60491e+05    3.02316e+03
      Potential    Kinetic En.   Total Energy  Conserved En.    Temperature
   -4.70378e+05    8.57566e+04   -3.84621e+05   -3.83832e+05    3.00013e+02
 Pres. DC (bar) Pressure (bar)   Constr. rmsd
   -2.17513e+02    9.62092e+01    2.80952e-06

           Step           Time
         180000      360.00000

   Energies (kJ/mol)
           Bond          Angle    Proper Dih. Ryckaert-Bell.          LJ-14
    1.48197e+03    3.67616e+03    2.61534e+02    1.75384e+03    2.64335e+03
     Coulomb-14        LJ (SR)  Disper. corr.   Coulomb (SR)   Coul. recip.
    7.75265e+03    7.30204e+04   -4.47704e+03   -5.60322e+05    3.00657e+03
      Potential    Kinetic En.   Total Energy  Conserved En.    Temperature
   -4.71202e+05    8.58644e+04   -3.85338e+05   -3.83789e+05    3.00390e+02
 Pres. DC (bar) Pressure (bar)   Constr. rmsd
   -2.17420e+02   -8.15706e+01    2.72098e-06

Writing checkpoint, step 182650 at Tue Oct  3 13:16:47 2023


           Step           Time
         185000      370.00000

   Energies (kJ/mol)
           Bond          Angle    Proper Dih. Ryckaert-Bell.          LJ-14
    1.39232e+03    3.77380e+03    2.74301e+02    1.80210e+03    2.71480e+03
     Coulomb-14        LJ (SR)  Disper. corr.   Coulomb (SR)   Coul. recip.
    7.81679e+03    7.39458e+04   -4.45445e+03   -5.60543e+05    3.06999e+03
      Potential    Kinetic En.   Total Energy  Conserved En.    Temperature
   -4.70207e+05    8.54478e+04   -3.84759e+05   -3.83754e+05    2.98933e+02
 Pres. DC (bar) Pressure (bar)   Constr. rmsd
   -2.15234e+02    1.62163e+02    2.79102e-06

           Step           Time
         190000      380.00000

   Energies (kJ/mol)
           Bond          Angle    Proper Dih. Ryckaert-Bell.          LJ-14
    1.53700e+03    3.93111e+03    2.50566e+02    1.81369e+03    2.60918e+03
     Coulomb-14        LJ (SR)  Disper. corr.   Coulomb (SR)   Coul. recip.
    7.59100e+03    7.51922e+04   -4.46567e+03   -5.62708e+05    3.04990e+03
      Potential    Kinetic En.   Total Energy  Conserved En.    Temperature
   -4.71200e+05    8.54285e+04   -3.85771e+05   -3.83714e+05    2.98865e+02
 Pres. DC (bar) Pressure (bar)   Constr. rmsd
   -2.16319e+02    2.01290e+02    2.59695e-06

           Step           Time
         195000      390.00000

   Energies (kJ/mol)
           Bond          Angle    Proper Dih. Ryckaert-Bell.          LJ-14
    1.57023e+03    3.83491e+03    2.18159e+02    1.71893e+03    2.67362e+03
     Coulomb-14        LJ (SR)  Disper. corr.   Coulomb (SR)   Coul. recip.
    7.80246e+03    7.38397e+04   -4.47801e+03   -5.59883e+05    3.01209e+03
      Potential    Kinetic En.   Total Energy  Conserved En.    Temperature
   -4.69691e+05    8.68015e+04   -3.82890e+05   -3.83678e+05    3.03669e+02
 Pres. DC (bar) Pressure (bar)   Constr. rmsd
   -2.17515e+02    5.64640e+01    2.69978e-06

           Step           Time
         200000      400.00000

   Energies (kJ/mol)
           Bond          Angle    Proper Dih. Ryckaert-Bell.          LJ-14
    1.48293e+03    3.79827e+03    2.47799e+02    1.75751e+03    2.63373e+03
     Coulomb-14        LJ (SR)  Disper. corr.   Coulomb (SR)   Coul. recip.
    7.91793e+03    7.29783e+04   -4.45326e+03   -5.59098e+05    2.98628e+03
      Potential    Kinetic En.   Total Energy  Conserved En.    Temperature
   -4.69748e+05    8.53697e+04   -3.84378e+05   -3.83658e+05    2.98660e+02
 Pres. DC (bar) Pressure (bar)   Constr. rmsd
   -2.15120e+02   -1.11834e+02    2.95392e-06

           Step           Time
         205000      410.00000

   Energies (kJ/mol)
           Bond          Angle    Proper Dih. Ryckaert-Bell.          LJ-14
    1.35455e+03    3.83134e+03    2.40939e+02    1.81005e+03    2.61608e+03
     Coulomb-14        LJ (SR)  Disper. corr.   Coulomb (SR)   Coul. recip.
    7.77519e+03    7.36407e+04   -4.46452e+03   -5.60609e+05    2.95895e+03
      Potential    Kinetic En.   Total Energy  Conserved En.    Temperature
   -4.70846e+05    8.59308e+04   -3.84915e+05   -3.83657e+05    3.00622e+02
 Pres. DC (bar) Pressure (bar)   Constr. rmsd
   -2.16208e+02   -2.07563e+01    3.10539e-06

           Step           Time
         210000      420.00000

   Energies (kJ/mol)
           Bond          Angle    Proper Dih. Ryckaert-Bell.          LJ-14
    1.46740e+03    3.87389e+03    2.48342e+02    1.81180e+03    2.72625e+03
     Coulomb-14        LJ (SR)  Disper. corr.   Coulomb (SR)   Coul. recip.
    7.86577e+03    7.35321e+04   -4.47489e+03   -5.62108e+05    3.08450e+03
      Potential    Kinetic En.   Total Energy  Conserved En.    Temperature
   -4.71972e+05    8.55868e+04   -3.86386e+05   -3.83606e+05    2.99419e+02
 Pres. DC (bar) Pressure (bar)   Constr. rmsd
   -2.17212e+02   -4.77526e+01    2.85024e-06

           Step           Time
         215000      430.00000

   Energies (kJ/mol)
           Bond          Angle    Proper Dih. Ryckaert-Bell.          LJ-14
    1.36257e+03    3.63623e+03    2.42737e+02    1.67750e+03    2.74309e+03
     Coulomb-14        LJ (SR)  Disper. corr.   Coulomb (SR)   Coul. recip.
    7.83773e+03    7.38300e+04   -4.49087e+03   -5.62231e+05    3.03399e+03
      Potential    Kinetic En.   Total Energy  Conserved En.    Temperature
   -4.72358e+05    8.57140e+04   -3.86644e+05   -3.83602e+05    2.99864e+02
 Pres. DC (bar) Pressure (bar)   Constr. rmsd
   -2.18764e+02    1.09787e+02    2.88453e-06

Writing checkpoint, step 218850 at Tue Oct  3 13:31:48 2023


           Step           Time
         220000      440.00000

   Energies (kJ/mol)
           Bond          Angle    Proper Dih. Ryckaert-Bell.          LJ-14
    1.60767e+03    3.77904e+03    2.73220e+02    1.65399e+03    2.58683e+03
     Coulomb-14        LJ (SR)  Disper. corr.   Coulomb (SR)   Coul. recip.
    7.76229e+03    7.37301e+04   -4.46087e+03   -5.60101e+05    3.02958e+03
      Potential    Kinetic En.   Total Energy  Conserved En.    Temperature
   -4.70140e+05    8.60769e+04   -3.84063e+05   -3.83576e+05    3.01134e+02
 Pres. DC (bar) Pressure (bar)   Constr. rmsd
   -2.15855e+02   -8.07748e+01    3.06787e-06

           Step           Time
         225000      450.00000

   Energies (kJ/mol)
           Bond          Angle    Proper Dih. Ryckaert-Bell.          LJ-14
    1.47611e+03    3.62401e+03    2.64820e+02    1.81292e+03    2.64452e+03
     Coulomb-14        LJ (SR)  Disper. corr.   Coulomb (SR)   Coul. recip.
    7.81138e+03    7.31863e+04   -4.46467e+03   -5.60703e+05    2.95939e+03
      Potential    Kinetic En.   Total Energy  Conserved En.    Temperature
   -4.71388e+05    8.59178e+04   -3.85470e+05   -3.83560e+05    3.00577e+02
 Pres. DC (bar) Pressure (bar)   Constr. rmsd
   -2.16223e+02   -1.65487e+02    2.83146e-06

           Step           Time
         230000      460.00000

   Energies (kJ/mol)
           Bond          Angle    Proper Dih. Ryckaert-Bell.          LJ-14
    1.50734e+03    3.70207e+03    2.34467e+02    1.75617e+03    2.61924e+03
     Coulomb-14        LJ (SR)  Disper. corr.   Coulomb (SR)   Coul. recip.
    7.64124e+03    7.35024e+04   -4.48142e+03   -5.60699e+05    3.08073e+03
      Potential    Kinetic En.   Total Energy  Conserved En.    Temperature
   -4.71136e+05    8.67230e+04   -3.84413e+05   -3.83547e+05    3.03394e+02
 Pres. DC (bar) Pressure (bar)   Constr. rmsd
   -2.17845e+02   -1.37238e+01    3.33345e-06

           Step           Time
         235000      470.00000

   Energies (kJ/mol)
           Bond          Angle    Proper Dih. Ryckaert-Bell.          LJ-14
    1.48020e+03    3.80856e+03    2.65095e+02    1.76814e+03    2.61601e+03
     Coulomb-14        LJ (SR)  Disper. corr.   Coulomb (SR)   Coul. recip.
    7.81519e+03    7.22056e+04   -4.46922e+03   -5.57564e+05    3.13562e+03
      Potential    Kinetic En.   Total Energy  Conserved En.    Temperature
   -4.68938e+05    8.61550e+04   -3.82783e+05   -3.83484e+05    3.01407e+02
 Pres. DC (bar) Pressure (bar)   Constr. rmsd
   -2.16662e+02   -1.39515e+02    2.89354e-06

           Step           Time
         240000      480.00000

   Energies (kJ/mol)
           Bond          Angle    Proper Dih. Ryckaert-Bell.          LJ-14
    1.51159e+03    3.61828e+03    2.51556e+02    1.80524e+03    2.59919e+03
     Coulomb-14        LJ (SR)  Disper. corr.   Coulomb (SR)   Coul. recip.
    7.82719e+03    7.28911e+04   -4.45462e+03   -5.61094e+05    3.03122e+03
      Potential    Kinetic En.   Total Energy  Conserved En.    Temperature
   -4.72014e+05    8.56834e+04   -3.86330e+05   -3.83457e+05    2.99757e+02
 Pres. DC (bar) Pressure (bar)   Constr. rmsd
   -2.15251e+02   -3.31578e+02    2.88655e-06

           Step           Time
         245000      490.00000

   Energies (kJ/mol)
           Bond          Angle    Proper Dih. Ryckaert-Bell.          LJ-14
    1.39138e+03    3.90692e+03    2.61128e+02    1.70513e+03    2.68716e+03
     Coulomb-14        LJ (SR)  Disper. corr.   Coulomb (SR)   Coul. recip.
    7.82356e+03    7.44829e+04   -4.46311e+03   -5.61721e+05    3.00881e+03
      Potential    Kinetic En.   Total Energy  Conserved En.    Temperature
   -4.70917e+05    8.63297e+04   -3.84588e+05   -3.83404e+05    3.02018e+02
 Pres. DC (bar) Pressure (bar)   Constr. rmsd
   -2.16072e+02    1.48689e+02    3.08401e-06

           Step           Time
         250000      500.00000

   Energies (kJ/mol)
           Bond          Angle    Proper Dih. Ryckaert-Bell.          LJ-14
    1.50458e+03    3.74782e+03    2.59475e+02    1.83654e+03    2.74657e+03
     Coulomb-14        LJ (SR)  Disper. corr.   Coulomb (SR)   Coul. recip.
    7.92943e+03    7.33784e+04   -4.46755e+03   -5.61225e+05    2.98560e+03
      Potential    Kinetic En.   Total Energy  Conserved En.    Temperature
   -4.71304e+05    8.57294e+04   -3.85575e+05   -3.83387e+05    2.99918e+02
 Pres. DC (bar) Pressure (bar)   Constr. rmsd
   -2.16501e+02   -8.74772e+01    2.98254e-06

           Step           Time
         255000      510.00000

Writing checkpoint, step 255000 at Tue Oct  3 13:46:47 2023


   Energies (kJ/mol)
           Bond          Angle    Proper Dih. Ryckaert-Bell.          LJ-14
    1.42550e+03    3.66392e+03    2.53520e+02    1.85352e+03    2.71433e+03
     Coulomb-14        LJ (SR)  Disper. corr.   Coulomb (SR)   Coul. recip.
    7.84506e+03    7.31821e+04   -4.45146e+03   -5.60850e+05    3.06952e+03
      Potential    Kinetic En.   Total Energy  Conserved En.    Temperature
   -4.71294e+05    8.60277e+04   -3.85267e+05   -3.83366e+05    3.00962e+02
 Pres. DC (bar) Pressure (bar)   Constr. rmsd
   -2.14946e+02   -1.17511e+02    3.25603e-06

           Step           Time
         260000      520.00000

   Energies (kJ/mol)
           Bond          Angle    Proper Dih. Ryckaert-Bell.          LJ-14
    1.53191e+03    3.70318e+03    2.14415e+02    1.76320e+03    2.58659e+03
     Coulomb-14        LJ (SR)  Disper. corr.   Coulomb (SR)   Coul. recip.
    7.79832e+03    7.42217e+04   -4.46716e+03   -5.61874e+05    3.04880e+03
      Potential    Kinetic En.   Total Energy  Conserved En.    Temperature
   -4.71473e+05    8.65151e+04   -3.84958e+05   -3.83343e+05    3.02667e+02
 Pres. DC (bar) Pressure (bar)   Constr. rmsd
   -2.16463e+02   -4.71798e+01    3.04867e-06

           Step           Time
         265000      530.00000

   Energies (kJ/mol)
           Bond          Angle    Proper Dih. Ryckaert-Bell.          LJ-14
    1.38111e+03    3.73494e+03    2.33901e+02    1.90109e+03    2.62451e+03
     Coulomb-14        LJ (SR)  Disper. corr.   Coulomb (SR)   Coul. recip.
    7.72127e+03    7.37179e+04   -4.47046e+03   -5.61351e+05    2.99693e+03
      Potential    Kinetic En.   Total Energy  Conserved En.    Temperature
   -4.71510e+05    8.46984e+04   -3.86812e+05   -3.83299e+05    2.96311e+02
 Pres. DC (bar) Pressure (bar)   Constr. rmsd
   -2.16783e+02    9.36873e+01    2.72538e-06

           Step           Time
         270000      540.00000

   Energies (kJ/mol)
           Bond          Angle    Proper Dih. Ryckaert-Bell.          LJ-14
    1.55241e+03    3.78904e+03    2.63449e+02    1.79884e+03    2.60580e+03
     Coulomb-14        LJ (SR)  Disper. corr.   Coulomb (SR)   Coul. recip.
    7.74456e+03    7.42845e+04   -4.46709e+03   -5.61136e+05    3.07688e+03
      Potential    Kinetic En.   Total Energy  Conserved En.    Temperature
   -4.70488e+05    8.48163e+04   -3.85671e+05   -3.83269e+05    2.96723e+02
 Pres. DC (bar) Pressure (bar)   Constr. rmsd
   -2.16457e+02    6.44723e+01    3.66237e-06

           Step           Time
         275000      550.00000

   Energies (kJ/mol)
           Bond          Angle    Proper Dih. Ryckaert-Bell.          LJ-14
    1.37662e+03    3.76824e+03    2.43938e+02    1.75867e+03    2.65813e+03
     Coulomb-14        LJ (SR)  Disper. corr.   Coulomb (SR)   Coul. recip.
    7.84238e+03    7.53011e+04   -4.48904e+03   -5.63780e+05    3.04489e+03
      Potential    Kinetic En.   Total Energy  Conserved En.    Temperature
   -4.72276e+05    8.54085e+04   -3.86867e+05   -3.83233e+05    2.98795e+02
 Pres. DC (bar) Pressure (bar)   Constr. rmsd
   -2.18586e+02    4.11606e+02    3.07817e-06

           Step           Time
         280000      560.00000

   Energies (kJ/mol)
           Bond          Angle    Proper Dih. Ryckaert-Bell.          LJ-14
    1.50913e+03    3.94677e+03    2.22553e+02    1.71124e+03    2.61934e+03
     Coulomb-14        LJ (SR)  Disper. corr.   Coulomb (SR)   Coul. recip.
    7.76091e+03    7.37079e+04   -4.46798e+03   -5.60143e+05    2.95564e+03
      Potential    Kinetic En.   Total Energy  Conserved En.    Temperature
   -4.70178e+05    8.50619e+04   -3.85116e+05   -3.83212e+05    2.97583e+02
 Pres. DC (bar) Pressure (bar)   Constr. rmsd
   -2.16543e+02   -1.73645e+01    3.09526e-06

           Step           Time
         285000      570.00000

   Energies (kJ/mol)
           Bond          Angle    Proper Dih. Ryckaert-Bell.          LJ-14
    1.45667e+03    3.95477e+03    2.46514e+02    1.78376e+03    2.68459e+03
     Coulomb-14        LJ (SR)  Disper. corr.   Coulomb (SR)   Coul. recip.
    7.80331e+03    7.53622e+04   -4.47558e+03   -5.62221e+05    3.07180e+03
      Potential    Kinetic En.   Total Energy  Conserved En.    Temperature
   -4.70333e+05    8.62281e+04   -3.84105e+05   -3.83181e+05    3.01663e+02
 Pres. DC (bar) Pressure (bar)   Constr. rmsd
   -2.17279e+02    3.69056e+02    2.73221e-06

           Step           Time
         290000      580.00000

   Energies (kJ/mol)
           Bond          Angle    Proper Dih. Ryckaert-Bell.          LJ-14
    1.44080e+03    3.69653e+03    2.54143e+02    1.79107e+03    2.67530e+03
     Coulomb-14        LJ (SR)  Disper. corr.   Coulomb (SR)   Coul. recip.
    7.74576e+03    7.28277e+04   -4.45376e+03   -5.60353e+05    3.04333e+03
      Potential    Kinetic En.   Total Energy  Conserved En.    Temperature
   -4.71332e+05    8.57584e+04   -3.85574e+05   -3.83181e+05    3.00019e+02
 Pres. DC (bar) Pressure (bar)   Constr. rmsd
   -2.15168e+02   -2.43866e+02    2.89686e-06

Writing checkpoint, step 291200 at Tue Oct  3 14:01:48 2023


           Step           Time
         295000      590.00000

   Energies (kJ/mol)
           Bond          Angle    Proper Dih. Ryckaert-Bell.          LJ-14
    1.46795e+03    3.75995e+03    2.33557e+02    1.75742e+03    2.65317e+03
     Coulomb-14        LJ (SR)  Disper. corr.   Coulomb (SR)   Coul. recip.
    7.87214e+03    7.41710e+04   -4.44807e+03   -5.60796e+05    3.01513e+03
      Potential    Kinetic En.   Total Energy  Conserved En.    Temperature
   -4.70313e+05    8.50002e+04   -3.85313e+05   -3.83149e+05    2.97367e+02
 Pres. DC (bar) Pressure (bar)   Constr. rmsd
   -2.14619e+02    2.71153e+01    2.60233e-06

           Step           Time
         300000      600.00000

   Energies (kJ/mol)
           Bond          Angle    Proper Dih. Ryckaert-Bell.          LJ-14
    1.43763e+03    3.76688e+03    2.40481e+02    1.81376e+03    2.71787e+03
     Coulomb-14        LJ (SR)  Disper. corr.   Coulomb (SR)   Coul. recip.
    7.83252e+03    7.42756e+04   -4.45768e+03   -5.62610e+05    2.98672e+03
      Potential    Kinetic En.   Total Energy  Conserved En.    Temperature
   -4.71996e+05    8.61391e+04   -3.85857e+05   -3.83115e+05    3.01351e+02
 Pres. DC (bar) Pressure (bar)   Constr. rmsd
   -2.15546e+02    2.87929e+01    2.91284e-06

           Step           Time
         305000      610.00000

   Energies (kJ/mol)
           Bond          Angle    Proper Dih. Ryckaert-Bell.          LJ-14
    1.55788e+03    3.88901e+03    2.14913e+02    1.71152e+03    2.55445e+03
     Coulomb-14        LJ (SR)  Disper. corr.   Coulomb (SR)   Coul. recip.
    7.80042e+03    7.39916e+04   -4.45598e+03   -5.60687e+05    3.06571e+03
      Potential    Kinetic En.   Total Energy  Conserved En.    Temperature
   -4.70358e+05    8.59630e+04   -3.84394e+05   -3.83094e+05    3.00735e+02
 Pres. DC (bar) Pressure (bar)   Constr. rmsd
   -2.15382e+02   -1.16379e+02    2.87228e-06

           Step           Time
         310000      620.00000

   Energies (kJ/mol)
           Bond          Angle    Proper Dih. Ryckaert-Bell.          LJ-14
    1.44610e+03    3.78433e+03    2.35404e+02    1.70040e+03    2.62716e+03
     Coulomb-14        LJ (SR)  Disper. corr.   Coulomb (SR)   Coul. recip.
    7.83729e+03    7.38492e+04   -4.46951e+03   -5.61782e+05    3.05981e+03
      Potential    Kinetic En.   Total Energy  Conserved En.    Temperature
   -4.71712e+05    8.53177e+04   -3.86394e+05   -3.83068e+05    2.98478e+02
 Pres. DC (bar) Pressure (bar)   Constr. rmsd
   -2.16690e+02   -8.79295e+01    2.84370e-06

           Step           Time
         315000      630.00000

   Energies (kJ/mol)
           Bond          Angle    Proper Dih. Ryckaert-Bell.          LJ-14
    1.49231e+03    3.68858e+03    2.53783e+02    1.84455e+03    2.71871e+03
     Coulomb-14        LJ (SR)  Disper. corr.   Coulomb (SR)   Coul. recip.
    7.89376e+03    7.41984e+04   -4.47941e+03   -5.61260e+05    2.96432e+03
      Potential    Kinetic En.   Total Energy  Conserved En.    Temperature
   -4.70685e+05    8.51527e+04   -3.85532e+05   -3.83038e+05    2.97900e+02
 Pres. DC (bar) Pressure (bar)   Constr. rmsd
   -2.17650e+02    2.86599e+01    2.79348e-06

           Step           Time
         320000      640.00000

   Energies (kJ/mol)
           Bond          Angle    Proper Dih. Ryckaert-Bell.          LJ-14
    1.45749e+03    3.61072e+03    2.49009e+02    1.69795e+03    2.70267e+03
     Coulomb-14        LJ (SR)  Disper. corr.   Coulomb (SR)   Coul. recip.
    7.77022e+03    7.47534e+04   -4.45811e+03   -5.62615e+05    3.02790e+03
      Potential    Kinetic En.   Total Energy  Conserved En.    Temperature
   -4.71804e+05    8.58448e+04   -3.85959e+05   -3.83036e+05    3.00322e+02
 Pres. DC (bar) Pressure (bar)   Constr. rmsd
   -2.15589e+02    7.71167e+01    2.71850e-06

           Step           Time
         325000      650.00000

   Energies (kJ/mol)
           Bond          Angle    Proper Dih. Ryckaert-Bell.          LJ-14
    1.61048e+03    3.81587e+03    2.43144e+02    1.71744e+03    2.58461e+03
     Coulomb-14        LJ (SR)  Disper. corr.   Coulomb (SR)   Coul. recip.
    7.77911e+03    7.47380e+04   -4.47667e+03   -5.62603e+05    3.00683e+03
      Potential    Kinetic En.   Total Energy  Conserved En.    Temperature
   -4.71584e+05    8.54821e+04   -3.86102e+05   -3.82981e+05    2.99053e+02
 Pres. DC (bar) Pressure (bar)   Constr. rmsd
   -2.17385e+02    6.86076e+01    2.79785e-06

Writing checkpoint, step 327350 at Tue Oct  3 14:16:47 2023


           Step           Time
         330000      660.00000

   Energies (kJ/mol)
           Bond          Angle    Proper Dih. Ryckaert-Bell.          LJ-14
    1.48575e+03    3.76784e+03    2.77969e+02    1.85653e+03    2.66798e+03
     Coulomb-14        LJ (SR)  Disper. corr.   Coulomb (SR)   Coul. recip.
    7.80824e+03    7.36919e+04   -4.49014e+03   -5.60857e+05    3.01507e+03
      Potential    Kinetic En.   Total Energy  Conserved En.    Temperature
   -4.70776e+05    8.57470e+04   -3.85029e+05   -3.82960e+05    2.99979e+02
 Pres. DC (bar) Pressure (bar)   Constr. rmsd
   -2.18693e+02    6.87223e+01    2.80744e-06

           Step           Time
         335000      670.00000

   Energies (kJ/mol)
           Bond          Angle    Proper Dih. Ryckaert-Bell.          LJ-14
    1.41045e+03    3.71177e+03    2.60763e+02    1.74839e+03    2.66332e+03
     Coulomb-14        LJ (SR)  Disper. corr.   Coulomb (SR)   Coul. recip.
    7.76497e+03    7.25472e+04   -4.44504e+03   -5.59251e+05    3.10532e+03
      Potential    Kinetic En.   Total Energy  Conserved En.    Temperature
   -4.70484e+05    8.54004e+04   -3.85084e+05   -3.82946e+05    2.98767e+02
 Pres. DC (bar) Pressure (bar)   Constr. rmsd
   -2.14327e+02   -2.91253e+02    2.96189e-06

           Step           Time
         340000      680.00000

   Energies (kJ/mol)
           Bond          Angle    Proper Dih. Ryckaert-Bell.          LJ-14
    1.46348e+03    3.78907e+03    2.36326e+02    1.81380e+03    2.62176e+03
     Coulomb-14        LJ (SR)  Disper. corr.   Coulomb (SR)   Coul. recip.
    7.77024e+03    7.37292e+04   -4.44382e+03   -5.60881e+05    3.08877e+03
      Potential    Kinetic En.   Total Energy  Conserved En.    Temperature
   -4.70812e+05    8.49118e+04   -3.85900e+05   -3.82912e+05    2.97058e+02
 Pres. DC (bar) Pressure (bar)   Constr. rmsd
   -2.14210e+02   -1.60445e+02    2.79624e-06

           Step           Time
         345000      690.00000

   Energies (kJ/mol)
           Bond          Angle    Proper Dih. Ryckaert-Bell.          LJ-14
    1.54114e+03    4.01330e+03    2.76020e+02    1.71819e+03    2.59298e+03
     Coulomb-14        LJ (SR)  Disper. corr.   Coulomb (SR)   Coul. recip.
    7.65076e+03    7.41702e+04   -4.46428e+03   -5.60526e+05    3.09376e+03
      Potential    Kinetic En.   Total Energy  Conserved En.    Temperature
   -4.69934e+05    8.64982e+04   -3.83436e+05   -3.82878e+05    3.02608e+02
 Pres. DC (bar) Pressure (bar)   Constr. rmsd
   -2.16185e+02    1.55868e+02    3.16353e-06

           Step           Time
         350000      700.00000

   Energies (kJ/mol)
           Bond          Angle    Proper Dih. Ryckaert-Bell.          LJ-14
    1.44309e+03    3.79815e+03    2.71958e+02    1.75917e+03    2.61174e+03
     Coulomb-14        LJ (SR)  Disper. corr.   Coulomb (SR)   Coul. recip.
    7.82517e+03    7.40684e+04   -4.45738e+03   -5.61044e+05    3.01143e+03
      Potential    Kinetic En.   Total Energy  Conserved En.    Temperature
   -4.70712e+05    8.45301e+04   -3.86182e+05   -3.82865e+05    2.95722e+02
 Pres. DC (bar) Pressure (bar)   Constr. rmsd
   -2.15517e+02   -3.41144e+01    2.81181e-06

           Step           Time
         355000      710.00000

   Energies (kJ/mol)
           Bond          Angle    Proper Dih. Ryckaert-Bell.          LJ-14
    1.37990e+03    3.59955e+03    2.10521e+02    1.68242e+03    2.64234e+03
     Coulomb-14        LJ (SR)  Disper. corr.   Coulomb (SR)   Coul. recip.
    7.82061e+03    7.46620e+04   -4.46007e+03   -5.63787e+05    2.99057e+03
      Potential    Kinetic En.   Total Energy  Conserved En.    Temperature
   -4.73259e+05    8.50171e+04   -3.88242e+05   -3.82845e+05    2.97426e+02
 Pres. DC (bar) Pressure (bar)   Constr. rmsd
   -2.15778e+02    2.02550e+01    3.25032e-06

           Step           Time
         360000      720.00000

   Energies (kJ/mol)
           Bond          Angle    Proper Dih. Ryckaert-Bell.          LJ-14
    1.55039e+03    3.73380e+03    2.29760e+02    1.71312e+03    2.65408e+03
     Coulomb-14        LJ (SR)  Disper. corr.   Coulomb (SR)   Coul. recip.
    7.74555e+03    7.45255e+04   -4.44712e+03   -5.62178e+05    3.08568e+03
      Potential    Kinetic En.   Total Energy  Conserved En.    Temperature
   -4.71388e+05    8.53529e+04   -3.86035e+05   -3.82794e+05    2.98601e+02
 Pres. DC (bar) Pressure (bar)   Constr. rmsd
   -2.14527e+02   -4.68633e+01    2.69217e-06

Writing checkpoint, step 363550 at Tue Oct  3 14:31:47 2023


           Step           Time
         365000      730.00000

   Energies (kJ/mol)
           Bond          Angle    Proper Dih. Ryckaert-Bell.          LJ-14
    1.48153e+03    3.95783e+03    2.71262e+02    1.81690e+03    2.70890e+03
     Coulomb-14        LJ (SR)  Disper. corr.   Coulomb (SR)   Coul. recip.
    7.72284e+03    7.38207e+04   -4.45780e+03   -5.60587e+05    3.14021e+03
      Potential    Kinetic En.   Total Energy  Conserved En.    Temperature
   -4.70125e+05    8.58410e+04   -3.84284e+05   -3.82748e+05    3.00308e+02
 Pres. DC (bar) Pressure (bar)   Constr. rmsd
   -2.15558e+02    1.22138e+02    2.83026e-06

           Step           Time
         370000      740.00000

   Energies (kJ/mol)
           Bond          Angle    Proper Dih. Ryckaert-Bell.          LJ-14
    1.44288e+03    3.77530e+03    2.53191e+02    1.78808e+03    2.68649e+03
     Coulomb-14        LJ (SR)  Disper. corr.   Coulomb (SR)   Coul. recip.
    7.78596e+03    7.24435e+04   -4.46334e+03   -5.59091e+05    2.99145e+03
      Potential    Kinetic En.   Total Energy  Conserved En.    Temperature
   -4.70387e+05    8.62845e+04   -3.84103e+05   -3.82733e+05    3.01860e+02
 Pres. DC (bar) Pressure (bar)   Constr. rmsd
   -2.16094e+02   -8.58892e+01    3.12077e-06

           Step           Time
         375000      750.00000

   Energies (kJ/mol)
           Bond          Angle    Proper Dih. Ryckaert-Bell.          LJ-14
    1.50910e+03    3.95230e+03    2.36862e+02    1.74742e+03    2.59194e+03
     Coulomb-14        LJ (SR)  Disper. corr.   Coulomb (SR)   Coul. recip.
    7.83400e+03    7.38252e+04   -4.46751e+03   -5.60249e+05    2.97712e+03
      Potential    Kinetic En.   Total Energy  Conserved En.    Temperature
   -4.70042e+05    8.60315e+04   -3.84011e+05   -3.82708e+05    3.00975e+02
 Pres. DC (bar) Pressure (bar)   Constr. rmsd
   -2.16497e+02   -8.08993e+01    2.86738e-06

           Step           Time
         380000      760.00000

   Energies (kJ/mol)
           Bond          Angle    Proper Dih. Ryckaert-Bell.          LJ-14
    1.60771e+03    3.64952e+03    2.82989e+02    1.67842e+03    2.71650e+03
     Coulomb-14        LJ (SR)  Disper. corr.   Coulomb (SR)   Coul. recip.
    7.78672e+03    7.25388e+04   -4.46193e+03   -5.60063e+05    3.13687e+03
      Potential    Kinetic En.   Total Energy  Conserved En.    Temperature
   -4.71128e+05    8.58064e+04   -3.85321e+05   -3.82676e+05    3.00187e+02
 Pres. DC (bar) Pressure (bar)   Constr. rmsd
   -2.15958e+02   -3.07319e+02    2.91832e-06

           Step           Time
         385000      770.00000

   Energies (kJ/mol)
           Bond          Angle    Proper Dih. Ryckaert-Bell.          LJ-14
    1.49384e+03    3.74316e+03    2.56349e+02    1.75191e+03    2.63811e+03
     Coulomb-14        LJ (SR)  Disper. corr.   Coulomb (SR)   Coul. recip.
    7.77080e+03    7.38623e+04   -4.46911e+03   -5.61207e+05    3.12643e+03
      Potential    Kinetic En.   Total Energy  Conserved En.    Temperature
   -4.71034e+05    8.56996e+04   -3.85334e+05   -3.82640e+05    2.99814e+02
 Pres. DC (bar) Pressure (bar)   Constr. rmsd
   -2.16652e+02    1.44734e+01    2.93152e-06

           Step           Time
         390000      780.00000

   Energies (kJ/mol)
           Bond          Angle    Proper Dih. Ryckaert-Bell.          LJ-14
    1.49940e+03    3.88576e+03    2.63853e+02    1.70735e+03    2.65684e+03
     Coulomb-14        LJ (SR)  Disper. corr.   Coulomb (SR)   Coul. recip.
    7.71953e+03    7.46952e+04   -4.47418e+03   -5.62828e+05    3.13573e+03
      Potential    Kinetic En.   Total Energy  Conserved En.    Temperature
   -4.71739e+05    8.62006e+04   -3.85538e+05   -3.82622e+05    3.01566e+02
 Pres. DC (bar) Pressure (bar)   Constr. rmsd
   -2.17143e+02   -4.22643e+01    2.82746e-06

           Step           Time
         395000      790.00000

   Energies (kJ/mol)
           Bond          Angle    Proper Dih. Ryckaert-Bell.          LJ-14
    1.42476e+03    3.84271e+03    2.56921e+02    1.75580e+03    2.67933e+03
     Coulomb-14        LJ (SR)  Disper. corr.   Coulomb (SR)   Coul. recip.
    7.79117e+03    7.34291e+04   -4.47540e+03   -5.60387e+05    3.03429e+03
      Potential    Kinetic En.   Total Energy  Conserved En.    Temperature
   -4.70648e+05    8.66716e+04   -3.83976e+05   -3.82606e+05    3.03214e+02
 Pres. DC (bar) Pressure (bar)   Constr. rmsd
   -2.17262e+02   -2.25535e+01    2.94552e-06

Writing checkpoint, step 399750 at Tue Oct  3 14:46:47 2023


           Step           Time
         400000      800.00000

   Energies (kJ/mol)
           Bond          Angle    Proper Dih. Ryckaert-Bell.          LJ-14
    1.53648e+03    3.71548e+03    2.40900e+02    1.71718e+03    2.60891e+03
     Coulomb-14        LJ (SR)  Disper. corr.   Coulomb (SR)   Coul. recip.
    7.76080e+03    7.39731e+04   -4.45620e+03   -5.61515e+05    3.00103e+03
      Potential    Kinetic En.   Total Energy  Conserved En.    Temperature
   -4.71417e+05    8.55880e+04   -3.85829e+05   -3.82565e+05    2.99423e+02
 Pres. DC (bar) Pressure (bar)   Constr. rmsd
   -2.15404e+02   -1.46457e+02    2.96410e-06

           Step           Time
         405000      810.00000

   Energies (kJ/mol)
           Bond          Angle    Proper Dih. Ryckaert-Bell.          LJ-14
    1.43665e+03    3.86922e+03    2.87676e+02    1.79980e+03    2.60470e+03
     Coulomb-14        LJ (SR)  Disper. corr.   Coulomb (SR)   Coul. recip.
    7.73515e+03    7.30102e+04   -4.47698e+03   -5.60899e+05    3.12295e+03
      Potential    Kinetic En.   Total Energy  Conserved En.    Temperature
   -4.71510e+05    8.57787e+04   -3.85731e+05   -3.82541e+05    3.00090e+02
 Pres. DC (bar) Pressure (bar)   Constr. rmsd
   -2.17414e+02   -6.22357e+01    3.02130e-06

           Step           Time
         410000      820.00000

   Energies (kJ/mol)
           Bond          Angle    Proper Dih. Ryckaert-Bell.          LJ-14
    1.41028e+03    3.97626e+03    2.32151e+02    1.80475e+03    2.61530e+03
     Coulomb-14        LJ (SR)  Disper. corr.   Coulomb (SR)   Coul. recip.
    7.70018e+03    7.28052e+04   -4.46833e+03   -5.60173e+05    2.98429e+03
      Potential    Kinetic En.   Total Energy  Conserved En.    Temperature
   -4.71113e+05    8.60700e+04   -3.85043e+05   -3.82505e+05    3.01109e+02
 Pres. DC (bar) Pressure (bar)   Constr. rmsd
   -2.16577e+02   -1.24559e+02    2.75741e-06

           Step           Time
         415000      830.00000

   Energies (kJ/mol)
           Bond          Angle    Proper Dih. Ryckaert-Bell.          LJ-14
    1.56316e+03    3.65366e+03    2.34403e+02    1.68738e+03    2.63401e+03
     Coulomb-14        LJ (SR)  Disper. corr.   Coulomb (SR)   Coul. recip.
    7.75564e+03    7.50362e+04   -4.47448e+03   -5.63041e+05    3.02344e+03
      Potential    Kinetic En.   Total Energy  Conserved En.    Temperature
   -4.71928e+05    8.57485e+04   -3.86179e+05   -3.82484e+05    2.99985e+02
 Pres. DC (bar) Pressure (bar)   Constr. rmsd
   -2.17172e+02   -7.10477e+00    2.67496e-06

           Step           Time
         420000      840.00000

   Energies (kJ/mol)
           Bond          Angle    Proper Dih. Ryckaert-Bell.          LJ-14
    1.51262e+03    3.83562e+03    2.19731e+02    1.69171e+03    2.61966e+03
     Coulomb-14        LJ (SR)  Disper. corr.   Coulomb (SR)   Coul. recip.
    7.72684e+03    7.42887e+04   -4.45993e+03   -5.61241e+05    3.09530e+03
      Potential    Kinetic En.   Total Energy  Conserved En.    Temperature
   -4.70711e+05    8.50348e+04   -3.85676e+05   -3.82445e+05    2.97488e+02
 Pres. DC (bar) Pressure (bar)   Constr. rmsd
   -2.15764e+02    4.22219e+01    2.67432e-06

           Step           Time
         425000      850.00000

   Energies (kJ/mol)
           Bond          Angle    Proper Dih. Ryckaert-Bell.          LJ-14
    1.54914e+03    3.68411e+03    2.76409e+02    1.71385e+03    2.67645e+03
     Coulomb-14        LJ (SR)  Disper. corr.   Coulomb (SR)   Coul. recip.
    7.80705e+03    7.58619e+04   -4.48239e+03   -5.63314e+05    3.04835e+03
      Potential    Kinetic En.   Total Energy  Conserved En.    Temperature
   -4.71179e+05    8.62271e+04   -3.84952e+05   -3.82405e+05    3.01659e+02
 Pres. DC (bar) Pressure (bar)   Constr. rmsd
   -2.17940e+02    2.81574e+02    3.14591e-06

           Step           Time
         430000      860.00000

   Energies (kJ/mol)
           Bond          Angle    Proper Dih. Ryckaert-Bell.          LJ-14
    1.51246e+03    3.79188e+03    2.47769e+02    1.74361e+03    2.63837e+03
     Coulomb-14        LJ (SR)  Disper. corr.   Coulomb (SR)   Coul. recip.
    7.74064e+03    7.42182e+04   -4.47556e+03   -5.61895e+05    2.96613e+03
      Potential    Kinetic En.   Total Energy  Conserved En.    Temperature
   -4.71512e+05    8.69552e+04   -3.84557e+05   -3.82410e+05    3.04206e+02
 Pres. DC (bar) Pressure (bar)   Constr. rmsd
   -2.17277e+02    9.76625e+01    3.27637e-06

           Step           Time
         435000      870.00000

   Energies (kJ/mol)
           Bond          Angle    Proper Dih. Ryckaert-Bell.          LJ-14
    1.52319e+03    3.93895e+03    2.39605e+02    1.71636e+03    2.67002e+03
     Coulomb-14        LJ (SR)  Disper. corr.   Coulomb (SR)   Coul. recip.
    7.80891e+03    7.25913e+04   -4.43115e+03   -5.59412e+05    3.09014e+03
      Potential    Kinetic En.   Total Energy  Conserved En.    Temperature
   -4.70265e+05    8.61641e+04   -3.84101e+05   -3.82353e+05    3.01439e+02
 Pres. DC (bar) Pressure (bar)   Constr. rmsd
   -2.12991e+02   -3.60045e+02    2.88812e-06

Writing checkpoint, step 436000 at Tue Oct  3 15:01:48 2023


           Step           Time
         440000      880.00000

   Energies (kJ/mol)
           Bond          Angle    Proper Dih. Ryckaert-Bell.          LJ-14
    1.47101e+03    3.91687e+03    2.40108e+02    1.73514e+03    2.69219e+03
     Coulomb-14        LJ (SR)  Disper. corr.   Coulomb (SR)   Coul. recip.
    7.85449e+03    7.43677e+04   -4.44919e+03   -5.61723e+05    3.00862e+03
      Potential    Kinetic En.   Total Energy  Conserved En.    Temperature
   -4.70886e+05    8.59591e+04   -3.84927e+05   -3.82304e+05    3.00722e+02
 Pres. DC (bar) Pressure (bar)   Constr. rmsd
   -2.14727e+02    7.77662e+01    2.69550e-06

           Step           Time
         445000      890.00000

   Energies (kJ/mol)
           Bond          Angle    Proper Dih. Ryckaert-Bell.          LJ-14
    1.50068e+03    3.77777e+03    2.58051e+02    1.88112e+03    2.67941e+03
     Coulomb-14        LJ (SR)  Disper. corr.   Coulomb (SR)   Coul. recip.
    7.88463e+03    7.51307e+04   -4.45952e+03   -5.62780e+05    3.09228e+03
      Potential    Kinetic En.   Total Energy  Conserved En.    Temperature
   -4.71035e+05    8.53462e+04   -3.85689e+05   -3.82289e+05    2.98577e+02
 Pres. DC (bar) Pressure (bar)   Constr. rmsd
   -2.15724e+02    1.73890e+02    3.23375e-06

           Step           Time
         450000      900.00000

   Energies (kJ/mol)
           Bond          Angle    Proper Dih. Ryckaert-Bell.          LJ-14
    1.55448e+03    3.96542e+03    2.32704e+02    1.72944e+03    2.60552e+03
     Coulomb-14        LJ (SR)  Disper. corr.   Coulomb (SR)   Coul. recip.
    7.68376e+03    7.50135e+04   -4.44710e+03   -5.61654e+05    2.98990e+03
      Potential    Kinetic En.   Total Energy  Conserved En.    Temperature
   -4.70326e+05    8.57853e+04   -3.84541e+05   -3.82262e+05    3.00113e+02
 Pres. DC (bar) Pressure (bar)   Constr. rmsd
   -2.14526e+02    4.12085e+01    2.77428e-06

           Step           Time
         455000      910.00000

   Energies (kJ/mol)
           Bond          Angle    Proper Dih. Ryckaert-Bell.          LJ-14
    1.46355e+03    3.66275e+03    2.39244e+02    1.85714e+03    2.62195e+03
     Coulomb-14        LJ (SR)  Disper. corr.   Coulomb (SR)   Coul. recip.
    7.83862e+03    7.38350e+04   -4.46188e+03   -5.62194e+05    3.07033e+03
      Potential    Kinetic En.   Total Energy  Conserved En.    Temperature
   -4.72067e+05    8.54470e+04   -3.86620e+05   -3.82238e+05    2.98930e+02
 Pres. DC (bar) Pressure (bar)   Constr. rmsd
   -2.15952e+02   -2.06226e+02    2.81303e-06

           Step           Time
         460000      920.00000

   Energies (kJ/mol)
           Bond          Angle    Proper Dih. Ryckaert-Bell.          LJ-14
    1.45657e+03    3.79855e+03    2.04892e+02    1.73766e+03    2.67692e+03
     Coulomb-14        LJ (SR)  Disper. corr.   Coulomb (SR)   Coul. recip.
    7.86062e+03    7.34910e+04   -4.45475e+03   -5.59477e+05    3.11111e+03
      Potential    Kinetic En.   Total Energy  Conserved En.    Temperature
   -4.69595e+05    8.56156e+04   -3.83979e+05   -3.82199e+05    2.99520e+02
 Pres. DC (bar) Pressure (bar)   Constr. rmsd
   -2.15263e+02    6.68810e+01    3.40441e-06

           Step           Time
         465000      930.00000

   Energies (kJ/mol)
           Bond          Angle    Proper Dih. Ryckaert-Bell.          LJ-14
    1.45159e+03    3.78523e+03    2.21324e+02    1.77976e+03    2.62861e+03
     Coulomb-14        LJ (SR)  Disper. corr.   Coulomb (SR)   Coul. recip.
    7.91313e+03    7.42203e+04   -4.47462e+03   -5.61636e+05    3.07095e+03
      Potential    Kinetic En.   Total Energy  Conserved En.    Temperature
   -4.71040e+05    8.53274e+04   -3.85713e+05   -3.82159e+05    2.98512e+02
 Pres. DC (bar) Pressure (bar)   Constr. rmsd
   -2.17186e+02   -2.08765e+01    2.97775e-06

           Step           Time
         470000      940.00000

   Energies (kJ/mol)
           Bond          Angle    Proper Dih. Ryckaert-Bell.          LJ-14
    1.46572e+03    3.77220e+03    2.73320e+02    1.77619e+03    2.74169e+03
     Coulomb-14        LJ (SR)  Disper. corr.   Coulomb (SR)   Coul. recip.
    7.92075e+03    7.40364e+04   -4.45502e+03   -5.60820e+05    3.04845e+03
      Potential    Kinetic En.   Total Energy  Conserved En.    Temperature
   -4.70240e+05    8.66971e+04   -3.83543e+05   -3.82148e+05    3.03303e+02
 Pres. DC (bar) Pressure (bar)   Constr. rmsd
   -2.15290e+02    4.86400e+01    2.88967e-06

Writing checkpoint, step 472150 at Tue Oct  3 15:16:47 2023


           Step           Time
         475000      950.00000

   Energies (kJ/mol)
           Bond          Angle    Proper Dih. Ryckaert-Bell.          LJ-14
    1.51654e+03    3.83597e+03    2.40116e+02    1.73414e+03    2.70853e+03
     Coulomb-14        LJ (SR)  Disper. corr.   Coulomb (SR)   Coul. recip.
    7.89388e+03    7.29217e+04   -4.45849e+03   -5.60242e+05    3.08819e+03
      Potential    Kinetic En.   Total Energy  Conserved En.    Temperature
   -4.70761e+05    8.56373e+04   -3.85124e+05   -3.82123e+05    2.99596e+02
 Pres. DC (bar) Pressure (bar)   Constr. rmsd
   -2.15625e+02   -1.99128e+02    3.06062e-06

           Step           Time
         480000      960.00000

   Energies (kJ/mol)
           Bond          Angle    Proper Dih. Ryckaert-Bell.          LJ-14
    1.44884e+03    3.76584e+03    2.57587e+02    1.87076e+03    2.69578e+03
     Coulomb-14        LJ (SR)  Disper. corr.   Coulomb (SR)   Coul. recip.
    7.75417e+03    7.55760e+04   -4.47498e+03   -5.62165e+05    3.01353e+03
      Potential    Kinetic En.   Total Energy  Conserved En.    Temperature
   -4.70257e+05    8.52761e+04   -3.84981e+05   -3.82102e+05    2.98332e+02
 Pres. DC (bar) Pressure (bar)   Constr. rmsd
   -2.17221e+02    2.85614e+02    3.16261e-06

           Step           Time
         485000      970.00000

   Energies (kJ/mol)
           Bond          Angle    Proper Dih. Ryckaert-Bell.          LJ-14
    1.55640e+03    3.62045e+03    2.54276e+02    1.76598e+03    2.70213e+03
     Coulomb-14        LJ (SR)  Disper. corr.   Coulomb (SR)   Coul. recip.
    7.75194e+03    7.46645e+04   -4.48310e+03   -5.62997e+05    3.00631e+03
      Potential    Kinetic En.   Total Energy  Conserved En.    Temperature
   -4.72158e+05    8.50960e+04   -3.87062e+05   -3.82069e+05    2.97702e+02
 Pres. DC (bar) Pressure (bar)   Constr. rmsd
   -2.18008e+02    1.51087e+02    2.74588e-06

           Step           Time
         490000      980.00000

   Energies (kJ/mol)
           Bond          Angle    Proper Dih. Ryckaert-Bell.          LJ-14
    1.50814e+03    3.70346e+03    2.54083e+02    1.84525e+03    2.67775e+03
     Coulomb-14        LJ (SR)  Disper. corr.   Coulomb (SR)   Coul. recip.
    7.77053e+03    7.48767e+04   -4.47360e+03   -5.62269e+05    2.99536e+03
      Potential    Kinetic En.   Total Energy  Conserved En.    Temperature
   -4.71111e+05    8.53139e+04   -3.85797e+05   -3.82036e+05    2.98464e+02
 Pres. DC (bar) Pressure (bar)   Constr. rmsd
   -2.17087e+02    1.95742e+02    2.93131e-06

           Step           Time
         495000      990.00000

   Energies (kJ/mol)
           Bond          Angle    Proper Dih. Ryckaert-Bell.          LJ-14
    1.46390e+03    3.92893e+03    2.53991e+02    1.82495e+03    2.67420e+03
     Coulomb-14        LJ (SR)  Disper. corr.   Coulomb (SR)   Coul. recip.
    7.78961e+03    7.44187e+04   -4.48514e+03   -5.62160e+05    3.00916e+03
      Potential    Kinetic En.   Total Energy  Conserved En.    Temperature
   -4.71281e+05    8.54623e+04   -3.85819e+05   -3.82003e+05    2.98983e+02
 Pres. DC (bar) Pressure (bar)   Constr. rmsd
   -2.18207e+02    2.04198e+02    3.04021e-06

           Step           Time
         500000     1000.00000

Writing checkpoint, step 500000 at Tue Oct  3 15:28:20 2023


   Energies (kJ/mol)
           Bond          Angle    Proper Dih. Ryckaert-Bell.          LJ-14
    1.48961e+03    3.87604e+03    2.33668e+02    1.81875e+03    2.60165e+03
     Coulomb-14        LJ (SR)  Disper. corr.   Coulomb (SR)   Coul. recip.
    7.78111e+03    7.42736e+04   -4.46395e+03   -5.61915e+05    3.07518e+03
      Potential    Kinetic En.   Total Energy  Conserved En.    Temperature
   -4.71230e+05    8.56128e+04   -3.85617e+05   -3.81955e+05    2.99510e+02
 Pres. DC (bar) Pressure (bar)   Constr. rmsd
   -2.16153e+02    4.02698e+01    2.91982e-06


	<======  ###############  ==>
	<====  A V E R A G E S  ====>
	<==  ###############  ======>

	Statistics over 500001 steps using 5001 frames

   Energies (kJ/mol)
           Bond          Angle    Proper Dih. Ryckaert-Bell.          LJ-14
    1.47456e+03    3.77683e+03    2.49313e+02    1.76924e+03    2.66086e+03
     Coulomb-14        LJ (SR)  Disper. corr.   Coulomb (SR)   Coul. recip.
    7.79155e+03    7.39617e+04   -4.46594e+03   -5.61358e+05    3.03925e+03
      Potential    Kinetic En.   Total Energy  Conserved En.    Temperature
   -4.71100e+05    8.57507e+04   -3.85350e+05   -3.83404e+05    2.99992e+02
 Pres. DC (bar) Pressure (bar)   Constr. rmsd
   -2.16347e+02   -1.13279e-02    0.00000e+00

          Box-X          Box-Y          Box-Z
    7.00133e+00    7.00133e+00    7.00133e+00

   Total Virial (kJ/mol)
    2.86276e+04    2.87928e+00    1.29024e+01
    2.62235e+00    2.85729e+04    6.56542e-01
    1.24258e+01    5.05824e-01    2.85552e+04

   Pressure (bar)
   -4.37580e+00   -5.55412e-01   -5.39307e-01
   -5.30625e-01    3.34636e+00   -9.63714e-01
   -4.93282e-01   -9.49148e-01    9.95438e-01

      T-Protein  T-non-Protein
    3.00148e+02    2.99980e+02


	M E G A - F L O P S   A C C O U N T I N G

 NB=Group-cutoff nonbonded kernels    NxN=N-by-N cluster Verlet kernels
 RF=Reaction-Field  VdW=Van der Waals  QSTab=quadratic-spline table
 W3=SPC/TIP3p  W4=TIP4p (single or pairs)
 V&F=Potential and force  V=Potential only  F=Force only

 Computing:                               M-Number         M-Flops  % Flops
-----------------------------------------------------------------------------
 Pair Search distance check          147816.729772     1330350.568     0.2
 NxN Ewald Elec. + LJ [F]           5202338.009760   343354308.644    52.1
 NxN Ewald Elec. + LJ [V&F]           52559.265680     5623841.428     0.9
 NxN Ewald Elec. [F]                4579549.413472   279352514.222    42.4
 NxN Ewald Elec. [V&F]                46267.115856     3886437.732     0.6
 1,4 nonbonded interactions            2553.005106      229770.460     0.0
 Calc Weights                         50814.101628     1829307.659     0.3
 Spread Q Bspline                   1084034.168064     2168068.336     0.3
 Gather F Bspline                   1084034.168064     6504205.008     1.0
 3D-FFT                             1395170.790336    11161366.323     1.7
 Solve PME                              968.001936       61952.124     0.0
 Shift-X                                338.793876        2032.763     0.0
 Bonds                                  512.501025       30237.560     0.0
 Angles                                1773.503547      297948.596     0.0
 Propers                                213.000426       48777.098     0.0
 RB-Dihedrals                          1975.003950      487825.976     0.1
 Virial                                1696.083921       30529.511     0.0
 Stop-CM                                169.413876        1694.139     0.0
 Calc-Ekin                             3387.667752       91467.029     0.0
 Lincs                                  479.500959       28770.058     0.0
 Lincs-Mat                             2388.004776        9552.019     0.0
 Constraint-V                         16913.033826      135304.271     0.0
 Constraint-Vir                        1643.382867       39441.189     0.0
 Settle                                5318.010636     1717717.435     0.3
-----------------------------------------------------------------------------
 Total                                               658423420.146   100.0
-----------------------------------------------------------------------------


     R E A L   C Y C L E   A N D   T I M E   A C C O U N T I N G

On 1 MPI rank

 Computing:          Num   Num      Call    Wall time         Giga-Cycles
                     Ranks Threads  Count      (s)         total sum    %
-----------------------------------------------------------------------------
 Neighbor search        1    1      10001     516.097       1493.166   4.2
 Force                  1    1     500001    8348.451      24153.657  67.4
 PME mesh               1    1     500001    2888.591       8357.244  23.3
 NB X/F buffer ops.     1    1     990001     162.271        469.482   1.3
 Write traj.            1    1        113       1.768          5.116   0.0
 Update                 1    1     500001     125.069        361.848   1.0
 Constraints            1    1     500001     306.600        887.053   2.5
 Rest                                          44.672        129.245   0.4
-----------------------------------------------------------------------------
 Total                                      12393.519      35856.809 100.0
-----------------------------------------------------------------------------
 Breakdown of PME mesh computation
-----------------------------------------------------------------------------
 PME spread             1    1     500001     980.457       2836.650   7.9
 PME gather             1    1     500001    1304.895       3775.308  10.5
 PME 3D-FFT             1    1    1000002     546.800       1581.995   4.4
 PME solve Elec         1    1     500001      53.661        155.252   0.4
-----------------------------------------------------------------------------

               Core t (s)   Wall t (s)        (%)
       Time:    12393.519    12393.519      100.0
                         3h26:33
                 (ns/day)    (hour/ns)
Performance:        6.971        3.443
Finished mdrun on rank 0 Tue Oct  3 15:28:20 2023

